[debug] ----------------------------------------------------------------------
[debug] Command:      node C:\Users\account\AppData\Roaming\npm\node_modules\firebase-tools\bin\firebase deploy
[debug] CLI Version:  3.0.7
[debug] Platform:     win32
[debug] Node Version: v0.12.2
[debug] Time:         Mon Aug 29 2016 21:03:20 GMT-0400 (Eastern Daylight Time)
[debug] ----------------------------------------------------------------------
[debug] 
[debug] > command requires scopes: ["email","openid","https://www.googleapis.com/auth/cloudplatformprojects.readonly","https://www.googleapis.com/auth/firebase"]
[debug] >>> HTTP REQUEST GET https://admin.firebase.com/v1/projects/personalwebsite-a1535 
[debug] <<< HTTP RESPONSE 200
[debug] >>> HTTP REQUEST GET https://admin.firebase.com/v1/database/personalwebsite-a1535/tokens 
[debug] <<< HTTP RESPONSE 200
[info] 
[info] === Deploying to 'personalwebsite-a1535'...
[info] 
[info] i  deploying database, hosting
[info] +  database: rules ready to deploy.
[info] i  hosting: preparing public directory for upload...
[debug] >>> HTTP REQUEST PUT https://deploy.firebase.com/v1/hosting/personalwebsite-a1535/uploads/-KQNyMf7gjaP6YxJA4qb?fileCount=2&message= 
